<?xml version="1.0" encoding="UTF-8"?>
<!-- Generated by org.testng.reporters.JUnitReportReporter -->
<testsuite hostname="DESKTOP-8QG8CLM" failures="0" tests="1" name="TestClasses.VerifyUserCanRemoverProductsFromCart" time="0.228" errors="0" timestamp="2022-06-13T19:55:29 IST" skipped="0">
  <testcase classname="TestClasses.VerifyUserCanRemoverProductsFromCart" name="verifyUserCanGoToCart" time="0.228"/>
  <system-out/>
</testsuite> <!-- TestClasses.VerifyUserCanRemoverProductsFromCart -->
