<?xml version="1.0" encoding="UTF-8"?>
<!-- Generated by org.testng.reporters.JUnitReportReporter -->
<testsuite hostname="DESKTOP-8QG8CLM" failures="0" tests="4" name="TestClasses.VerifyUserCanBuyProduct" time="69.531" errors="0" timestamp="2022-06-17T13:11:03 IST" skipped="0">
  <testcase classname="TestClasses.VerifyUserCanBuyProduct" name="verifyUserCanLogin" time="32.587"/>
  <system-out/>
  <testcase classname="TestClasses.VerifyUserCanBuyProduct" name="VerifyUserCanSearchProduct" time="4.420"/>
  <system-out/>
  <testcase classname="TestClasses.VerifyUserCanBuyProduct" name="verifyUserCanSelectProductAndMoveToProductDetailsPage" time="32.521"/>
  <system-out/>
  <testcase classname="TestClasses.VerifyUserCanBuyProduct" name="verifyUserCanCheckout" time="0.003"/>
  <system-out/>
</testsuite> <!-- TestClasses.VerifyUserCanBuyProduct -->
