<?xml version="1.0" encoding="UTF-8"?>
<!-- Generated by org.testng.reporters.JUnitReportReporter -->
<testsuite hostname="DESKTOP-8QG8CLM" failures="0" tests="1" name="TestClasses.VerifyUserCanRemoverProductsFromCart" time="0.210" errors="0" timestamp="2022-06-17T13:11:03 IST" skipped="0">
  <testcase classname="TestClasses.VerifyUserCanRemoverProductsFromCart" name="verifyUserCanGoToCart" time="0.210"/>
  <system-out/>
</testsuite> <!-- TestClasses.VerifyUserCanRemoverProductsFromCart -->
